<?xml version="1.0" encoding="UTF-8"?>
<!-- Generated by org.testng.reporters.JUnitReportReporter -->
<testsuite hostname="Olympus" name="firstRESTpackage.APIPOSTtesting" tests="1" failures="0" timestamp="23 Mar 2018 04:15:26 GMT" time="3.583" errors="0">
  <testcase name="postMethodtesting" time="3.583" classname="firstRESTpackage.APIPOSTtesting"/>
</testsuite> <!-- firstRESTpackage.APIPOSTtesting -->
