<?xml version="1.0" encoding="UTF-8"?>
<!-- Generated by org.testng.reporters.JUnitReportReporter -->
<testsuite hostname="Olympus" name="firstRESTpackage.TemperatureAPI" tests="1" failures="0" timestamp="18 Mar 2018 13:51:32 GMT" time="3.406" errors="0">
  <testcase name="GetWeatherDetails" time="3.406" classname="firstRESTpackage.TemperatureAPI"/>
</testsuite> <!-- firstRESTpackage.TemperatureAPI -->
