<?xml version="1.0" encoding="UTF-8"?>
<!-- Generated by org.testng.reporters.JUnitReportReporter -->
<testsuite hostname="Olympus" name="apiClasses.ReadJsonObject" tests="1" failures="0" timestamp="18 Jun 2017 08:01:25 GMT" time="1.804" errors="0">
  <testcase name="aptTesting" time="1.804" classname="apiClasses.ReadJsonObject"/>
</testsuite> <!-- apiClasses.ReadJsonObject -->
